#
# A fatal error has been detected by the Java Runtime Environment:
#
#  EXCEPTION_ACCESS_VIOLATION (0xc0000005) at pc=0x0000000070571fd5, pid=46764, tid=0x000000000000c9a8
#
# JRE version: Java(TM) SE Runtime Environment (8.0_92-b14) (build 1.8.0_92-b14)
# Java VM: Java HotSpot(TM) 64-Bit Server VM (25.92-b14 mixed mode windows-amd64 compressed oops)
# Problematic frame:
# V  [jvm.dll+0x491fd5]
#
# Failed to write core dump. Minidumps are not enabled by default on client versions of Windows
#
# If you would like to submit a bug report, please visit:
#   http://bugreport.java.com/bugreport/crash.jsp
#

---------------  T H R E A D  ---------------

Current thread (0x0000000056629000):  JavaThread "C2 CompilerThread2" daemon [_thread_in_native, id=51624, stack(0x00000000580f0000,0x00000000581f0000)]

siginfo: ExceptionCode=0xc0000005, reading address 0x0000004059dd6d10

Registers:
RAX=0x00000000594f1db0, RBX=0x0000004059dd6d00, RCX=0x00000000594f15f0, RDX=0x0000000000000001
RSP=0x00000000581ed420, RBP=0x0000000000000000, RSI=0x00000000581ed490, RDI=0x00000000594f1d18
R8 =0x0000000000000000, R9 =0x0000000000000000, R10=0x00000000594f15f0, R11=0x00000000594f1e30
R12=0x0000000000000000, R13=0x000000005a767f80, R14=0x0000000059ec4070, R15=0x00000000fffffffc
RIP=0x0000000070571fd5, EFLAGS=0x0000000000010206

Top of Stack: (sp=0x00000000581ed420)
0x00000000581ed420:   00000000594f0278 0000000000000003
0x00000000581ed430:   0000000000000030 00000000581ed4e0
0x00000000581ed440:   0000000000000000 00000000594f1d18
0x00000000581ed450:   00000000581ee900 000000007053898d
0x00000000581ed460:   0000000010000001 00000000581ee900
0x00000000581ed470:   0000000010000001 00000000581ed4e0
0x00000000581ed480:   000000005a555e40 0000000000000013
0x00000000581ed490:   0000000070746620 0000000000000001
0x00000000581ed4a0:   00000000581ee920 00000000581ef4c0
0x00000000581ed4b0:   00000000581edec0 00000000594f15a0
0x00000000581ed4c0:   0000000000000000 0000000000000013
0x00000000581ed4d0:   00000000567a86c0 0000000000000000
0x00000000581ed4e0:   0000000000000000 00000000581ed780
0x00000000581ed4f0:   0000000000000000 000000007055bc26
0x00000000581ed500:   00000000581ee900 0000000000000000
0x00000000581ed510:   0000000059ec4070 000000005a767f80 

Instructions: (pc=0x0000000070571fd5)
0x0000000070571fb5:   48 89 3c c8 ff 43 20 48 8b 46 28 48 8b 48 08 48
0x0000000070571fc5:   8b 47 08 48 8b 59 08 48 89 58 08 48 85 db 74 25
0x0000000070571fd5:   48 83 7b 10 00 74 1e 8b 53 20 3b 53 24 75 08 48
0x0000000070571fe5:   8b cb e8 04 e9 05 00 8b 4b 20 48 8b 43 10 48 89 


Register to memory mapping:

RAX=0x00000000594f1db0 is an unknown value
RBX=0x0000004059dd6d00 is an unknown value
RCX=0x00000000594f15f0 is an unknown value
RDX=0x0000000000000001 is an unknown value
RSP=0x00000000581ed420 is pointing into the stack for thread: 0x0000000056629000
RBP=0x0000000000000000 is an unknown value
RSI=0x00000000581ed490 is pointing into the stack for thread: 0x0000000056629000
RDI=0x00000000594f1d18 is an unknown value
R8 =0x0000000000000000 is an unknown value
R9 =0x0000000000000000 is an unknown value
R10=0x00000000594f15f0 is an unknown value
R11=0x00000000594f1e30 is an unknown value
R12=0x0000000000000000 is an unknown value
R13=0x000000005a767f80 is an unknown value
R14=0x0000000059ec4070 is an unknown value
R15=0x00000000fffffffc is an unallocated location in the heap


Stack: [0x00000000580f0000,0x00000000581f0000],  sp=0x00000000581ed420,  free space=1013k
Native frames: (J=compiled Java code, j=interpreted, Vv=VM code, C=native code)


Current CompileTask:
C2:   1228 1770   !   4       com.android.dx.cf.code.RopperMachine::run (1550 bytes)


---------------  P R O C E S S  ---------------

Java Threads: ( => current thread )
  0x00000000566c0800 JavaThread "Service Thread" daemon [_thread_blocked, id=47596, stack(0x0000000058480000,0x0000000058580000)]
  0x0000000056635000 JavaThread "C1 CompilerThread3" daemon [_thread_blocked, id=45584, stack(0x0000000058220000,0x0000000058320000)]
=>0x0000000056629000 JavaThread "C2 CompilerThread2" daemon [_thread_in_native, id=51624, stack(0x00000000580f0000,0x00000000581f0000)]
  0x0000000056625800 JavaThread "C2 CompilerThread1" daemon [_thread_in_native, id=55256, stack(0x0000000057ab0000,0x0000000057bb0000)]
  0x000000005662e800 JavaThread "C2 CompilerThread0" daemon [_thread_in_native, id=50684, stack(0x0000000057fe0000,0x00000000580e0000)]
  0x000000005662d800 JavaThread "Attach Listener" daemon [_thread_blocked, id=44992, stack(0x0000000057df0000,0x0000000057ef0000)]
  0x000000005662c000 JavaThread "Signal Dispatcher" daemon [_thread_blocked, id=51504, stack(0x0000000057bd0000,0x0000000057cd0000)]
  0x0000000055575800 JavaThread "Finalizer" daemon [_thread_blocked, id=40784, stack(0x0000000057990000,0x0000000057a90000)]
  0x000000005556c000 JavaThread "Reference Handler" daemon [_thread_blocked, id=53064, stack(0x0000000057750000,0x0000000057850000)]
  0x000000000212e800 JavaThread "main" [_thread_in_Java, id=43128, stack(0x00000000023e0000,0x00000000024e0000)]

Other Threads:
  0x00000000565d2800 VMThread [stack: 0x00000000575f0000,0x00000000576f0000] [id=37552]
  0x00000000566dd800 WatcherThread [stack: 0x0000000058350000,0x0000000058450000] [id=54008]

VM state:not at safepoint (normal execution)

VM Mutex/Monitor currently owned by a thread: None

Heap:
 PSYoungGen      total 284672K, used 190408K [0x00000000eab00000, 0x00000000fd600000, 0x0000000100000000)
  eden space 263168K, 64% used [0x00000000eab00000,0x00000000f4ff30a8,0x00000000fac00000)
  from space 21504K, 99% used [0x00000000fc100000,0x00000000fd5fefd8,0x00000000fd600000)
  to   space 21504K, 0% used [0x00000000fac00000,0x00000000fac00000,0x00000000fc100000)
 ParOldGen       total 349696K, used 25507K [0x00000000c0000000, 0x00000000d5580000, 0x00000000eab00000)
  object space 349696K, 7% used [0x00000000c0000000,0x00000000c18e8d88,0x00000000d5580000)
 Metaspace       used 6107K, capacity 7152K, committed 7296K, reserved 1056768K
  class space    used 590K, capacity 616K, committed 640K, reserved 1048576K

Card table byte_map: [0x0000000011b70000,0x0000000011d80000] byte_map_base: 0x0000000011570000

Marking Bits: (ParMarkBitMap*) 0x00000000708f64f0
 Begin Bits: [0x0000000012980000, 0x0000000013980000)
 End Bits:   [0x0000000013980000, 0x0000000014980000)

Polling page: 0x0000000001c70000

CodeCache: size=245760Kb used=7628Kb max_used=7628Kb free=238131Kb
 bounds [0x00000000027b0000, 0x0000000002f30000, 0x00000000117b0000]
 total_blobs=2114 nmethods=1852 adapters=175
 compilation: enabled

Compilation events (10 events):
Event: 1.213 Thread 0x0000000056635000 nmethod 1951 0x0000000002f17290 code [0x0000000002f17440, 0x0000000002f17918]
Event: 1.216 Thread 0x0000000056635000 1953 %     3       com.android.dx.dex.code.StdCatchBuilder::hasAnyCatches @ 15 (57 bytes)
Event: 1.216 Thread 0x0000000056635000 nmethod 1953% 0x0000000002f26510 code [0x0000000002f26700, 0x0000000002f27438]
Event: 1.218 Thread 0x0000000056635000 1954       2       java.util.HashMap::keySet (25 bytes)
Event: 1.218 Thread 0x0000000056635000 nmethod 1954 0x0000000002f279d0 code [0x0000000002f27b20, 0x0000000002f27cf0]
Event: 1.218 Thread 0x0000000056635000 1955       2       java.util.HashMap$KeySet::iterator (12 bytes)
Event: 1.218 Thread 0x0000000056635000 nmethod 1955 0x0000000002f27d90 code [0x0000000002f27f00, 0x0000000002f280e8]
Event: 1.220 Thread 0x0000000056635000 1957       2       com.android.dx.dex.file.DebugInfoItem::<init> (36 bytes)
Event: 1.220 Thread 0x0000000056635000 nmethod 1957 0x0000000002f28190 code [0x0000000002f28300, 0x0000000002f28578]
Event: 1.224 Thread 0x0000000056635000 1958       3       com.android.dx.dex.code.StdCatchBuilder::hasAnyCatches (57 bytes)

GC Heap History (4 events):
Event: 0.528 GC heap before
{Heap before GC invocations=1 (full 0):
 PSYoungGen      total 153088K, used 131584K [0x00000000eab00000, 0x00000000f5580000, 0x0000000100000000)
  eden space 131584K, 100% used [0x00000000eab00000,0x00000000f2b80000,0x00000000f2b80000)
  from space 21504K, 0% used [0x00000000f4080000,0x00000000f4080000,0x00000000f5580000)
  to   space 21504K, 0% used [0x00000000f2b80000,0x00000000f2b80000,0x00000000f4080000)
 ParOldGen       total 349696K, used 0K [0x00000000c0000000, 0x00000000d5580000, 0x00000000eab00000)
  object space 349696K, 0% used [0x00000000c0000000,0x00000000c0000000,0x00000000d5580000)
 Metaspace       used 5825K, capacity 6960K, committed 7040K, reserved 1056768K
  class space    used 583K, capacity 616K, committed 640K, reserved 1048576K
Event: 0.566 GC heap after
Heap after GC invocations=1 (full 0):
 PSYoungGen      total 153088K, used 21476K [0x00000000eab00000, 0x00000000fd600000, 0x0000000100000000)
  eden space 131584K, 0% used [0x00000000eab00000,0x00000000eab00000,0x00000000f2b80000)
  from space 21504K, 99% used [0x00000000f2b80000,0x00000000f40790f8,0x00000000f4080000)
  to   space 21504K, 0% used [0x00000000fc100000,0x00000000fc100000,0x00000000fd600000)
 ParOldGen       total 349696K, used 6274K [0x00000000c0000000, 0x00000000d5580000, 0x00000000eab00000)
  object space 349696K, 1% used [0x00000000c0000000,0x00000000c06208e0,0x00000000d5580000)
 Metaspace       used 5825K, capacity 6960K, committed 7040K, reserved 1056768K
  class space    used 583K, capacity 616K, committed 640K, reserved 1048576K
}
Event: 0.784 GC heap before
{Heap before GC invocations=2 (full 0):
 PSYoungGen      total 153088K, used 153060K [0x00000000eab00000, 0x00000000fd600000, 0x0000000100000000)
  eden space 131584K, 100% used [0x00000000eab00000,0x00000000f2b80000,0x00000000f2b80000)
  from space 21504K, 99% used [0x00000000f2b80000,0x00000000f40790f8,0x00000000f4080000)
  to   space 21504K, 0% used [0x00000000fc100000,0x00000000fc100000,0x00000000fd600000)
 ParOldGen       total 349696K, used 6274K [0x00000000c0000000, 0x00000000d5580000, 0x00000000eab00000)
  object space 349696K, 1% used [0x00000000c0000000,0x00000000c06208e0,0x00000000d5580000)
 Metaspace       used 5900K, capacity 7024K, committed 7296K, reserved 1056768K
  class space    used 583K, capacity 616K, committed 640K, reserved 1048576K
Event: 0.819 GC heap after
Heap after GC invocations=2 (full 0):
 PSYoungGen      total 284672K, used 21499K [0x00000000eab00000, 0x00000000fd600000, 0x0000000100000000)
  eden space 263168K, 0% used [0x00000000eab00000,0x00000000eab00000,0x00000000fac00000)
  from space 21504K, 99% used [0x00000000fc100000,0x00000000fd5fefd8,0x00000000fd600000)
  to   space 21504K, 0% used [0x00000000fac00000,0x00000000fac00000,0x00000000fc100000)
 ParOldGen       total 349696K, used 25507K [0x00000000c0000000, 0x00000000d5580000, 0x00000000eab00000)
  object space 349696K, 7% used [0x00000000c0000000,0x00000000c18e8d88,0x00000000d5580000)
 Metaspace       used 5900K, capacity 7024K, committed 7296K, reserved 1056768K
  class space    used 583K, capacity 616K, committed 640K, reserved 1048576K
}

Deoptimization events (10 events):
Event: 0.603 Thread 0x000000000212e800 Uncommon trap: reason=bimorphic action=maybe_recompile pc=0x0000000002b2aedc method=java.util.HashMap.getNode(ILjava/lang/Object;)Ljava/util/HashMap$Node; @ 126
Event: 0.603 Thread 0x000000000212e800 Uncommon trap: reason=bimorphic action=maybe_recompile pc=0x0000000002b2aedc method=java.util.HashMap.getNode(ILjava/lang/Object;)Ljava/util/HashMap$Node; @ 126
Event: 0.603 Thread 0x000000000212e800 Uncommon trap: reason=bimorphic action=maybe_recompile pc=0x0000000002af02e4 method=java.util.HashMap.getNode(ILjava/lang/Object;)Ljava/util/HashMap$Node; @ 126
Event: 0.604 Thread 0x000000000212e800 Uncommon trap: reason=unstable_if action=reinterpret pc=0x0000000002cf6958 method=com.android.dx.cf.code.ByteCatchList.listFor(I)Lcom/android/dx/cf/code/ByteCatchList; @ 19
Event: 1.085 Thread 0x00000000567f2000 Uncommon trap: reason=bimorphic action=maybe_recompile pc=0x0000000002d8404c method=com.android.dx.ssa.SCCP.simulatePhi(Lcom/android/dx/ssa/PhiInsn;)V @ 124
Event: 1.087 Thread 0x00000000567f2000 Uncommon trap: reason=bimorphic action=maybe_recompile pc=0x0000000002d8404c method=com.android.dx.ssa.SCCP.simulatePhi(Lcom/android/dx/ssa/PhiInsn;)V @ 124
Event: 1.182 Thread 0x000000000212e800 Uncommon trap: reason=class_check action=maybe_recompile pc=0x0000000002e5aa28 method=java.util.Arrays.hashCode([Ljava/lang/Object;)I @ 43
Event: 1.182 Thread 0x000000000212e800 Uncommon trap: reason=class_check action=maybe_recompile pc=0x0000000002e5aa28 method=java.util.Arrays.hashCode([Ljava/lang/Object;)I @ 43
Event: 1.183 Thread 0x000000000212e800 Uncommon trap: reason=class_check action=maybe_recompile pc=0x0000000002e5aa28 method=java.util.Arrays.hashCode([Ljava/lang/Object;)I @ 43
Event: 1.183 Thread 0x000000000212e800 Uncommon trap: reason=class_check action=maybe_recompile pc=0x0000000002e5aa28 method=java.util.Arrays.hashCode([Ljava/lang/Object;)I @ 43

Internal exceptions (5 events):
Event: 0.022 Thread 0x000000000212e800 Exception <a 'java/lang/NoSuchMethodError': Method sun.misc.Unsafe.defineClass(Ljava/lang/String;[BII)Ljava/lang/Class; name or signature does not match> (0x00000000eab07cc0) thrown at [D:\re\workspace\8-2-build-windows-amd64-cygwin\jdk8u92\6642\hotspot\srë0^¤–?
Event: 0.022 Thread 0x000000000212e800 Exception <a 'java/lang/NoSuchMethodError': Method sun.misc.Unsafe.prefetchRead(Ljava/lang/Object;J)V name or signature does not match> (0x00000000eab07fa8) thrown at [D:\re\workspace\8-2-build-windows-amd64-cygwin\jdk8u92\6642\hotspot\src\share\vm\prims\j‹B¡Õ·èÐ?
Event: 0.264 Thread 0x000000005679c000 Implicit null exception at 0x0000000002a3b852 to 0x0000000002a3b959
Event: 0.457 Thread 0x0000000056785000 Implicit null exception at 0x0000000002c2d940 to 0x0000000002c2fdb1
Event: 0.457 Thread 0x0000000056785000 Implicit null exception at 0x0000000002b9127d to 0x0000000002b935a5

Events (10 events):
Event: 1.183 Thread 0x000000000212e800 DEOPT PACKING pc=0x0000000002e5aa28 sp=0x00000000024dedc0
Event: 1.183 Thread 0x000000000212e800 DEOPT UNPACKING pc=0x00000000027f582a sp=0x00000000024ded40 mode 2
Event: 1.183 Thread 0x000000000212e800 Uncommon trap: trap_request=0xffffffde fr.pc=0x0000000002e5aa28
Event: 1.183 Thread 0x000000000212e800 DEOPT PACKING pc=0x0000000002e5aa28 sp=0x00000000024ded80
Event: 1.183 Thread 0x000000000212e800 DEOPT UNPACKING pc=0x00000000027f582a sp=0x00000000024ded00 mode 2
Event: 1.196 loading class com/android/dx/dex/file/CatchStructs
Event: 1.196 loading class com/android/dx/dex/file/CatchStructs done
Event: 1.211 Thread 0x000000000212e800 DEOPT PACKING pc=0x0000000002f1a292 sp=0x00000000024deef0
Event: 1.211 Thread 0x000000000212e800 DEOPT UNPACKING pc=0x00000000027f787f sp=0x00000000024dec80 mode 0
Event: 1.224 Thread 0x000000000212e800 DEOPT PACKING pc=0x0000000002f17efc sp=0x00000000024def20


Dynamic libraries:
0x000000013fa90000 - 0x000000013fac7000 	C:\Program Files\Java\jdk1.8.0_92\bin\java.exe
0x0000000077380000 - 0x000000007752a000 	C:\Windows\SYSTEM32\ntdll.dll
0x0000000077160000 - 0x000000007727f000 	C:\Windows\system32\kernel32.dll
0x000007fefd0e0000 - 0x000007fefd14a000 	C:\Windows\system32\KERNELBASE.dll
0x000007fefdb70000 - 0x000007fefdc4b000 	C:\Windows\system32\ADVAPI32.dll
0x000007fefdad0000 - 0x000007fefdb6f000 	C:\Windows\system32\msvcrt.dll
0x000007fefdcb0000 - 0x000007fefdccf000 	C:\Windows\SYSTEM32\sechost.dll
0x000007fefe1a0000 - 0x000007fefe2cd000 	C:\Windows\system32\RPCRT4.dll
0x0000000077280000 - 0x000000007737a000 	C:\Windows\system32\USER32.dll
0x000007fefe060000 - 0x000007fefe0c7000 	C:\Windows\system32\GDI32.dll
0x000007fefe0f0000 - 0x000007fefe0fe000 	C:\Windows\system32\LPK.dll
0x000007feff5c0000 - 0x000007feff68a000 	C:\Windows\system32\USP10.dll
0x000007fefb8b0000 - 0x000007fefbaa4000 	C:\Windows\WinSxS\amd64_microsoft.windows.common-controls_6595b64144ccf1df_6.0.7601.18837_none_fa3b1e3d17594757\COMCTL32.dll
0x000007fefdcd0000 - 0x000007fefdd41000 	C:\Windows\system32\SHLWAPI.dll
0x000007fefdd50000 - 0x000007fefdd7e000 	C:\Windows\system32\IMM32.DLL
0x000007fefd470000 - 0x000007fefd579000 	C:\Windows\system32\MSCTF.dll
0x0000000068640000 - 0x0000000068712000 	C:\Program Files\Java\jdk1.8.0_92\jre\bin\msvcr100.dll
0x00000000700e0000 - 0x0000000070976000 	C:\Program Files\Java\jdk1.8.0_92\jre\bin\server\jvm.dll
0x000007fef8390000 - 0x000007fef8399000 	C:\Windows\system32\WSOCK32.dll
0x000007fefd580000 - 0x000007fefd5cd000 	C:\Windows\system32\WS2_32.dll
0x000007fefd9e0000 - 0x000007fefd9e8000 	C:\Windows\system32\NSI.dll
0x000007fefad60000 - 0x000007fefad9b000 	C:\Windows\system32\WINMM.dll
0x000007fefc5a0000 - 0x000007fefc5ac000 	C:\Windows\system32\VERSION.dll
0x0000000077540000 - 0x0000000077547000 	C:\Windows\system32\PSAPI.DLL
0x0000000001c60000 - 0x0000000001c6f000 	C:\Program Files\Java\jdk1.8.0_92\jre\bin\verify.dll
0x00000000687e0000 - 0x0000000068809000 	C:\Program Files\Java\jdk1.8.0_92\jre\bin\java.dll
0x00000000020b0000 - 0x00000000020c6000 	C:\Program Files\Java\jdk1.8.0_92\jre\bin\zip.dll
0x000007fefe830000 - 0x000007feff5b9000 	C:\Windows\system32\SHELL32.dll
0x000007fefe620000 - 0x000007fefe823000 	C:\Windows\system32\ole32.dll
0x000007fefd0b0000 - 0x000007fefd0bf000 	C:\Windows\system32\profapi.dll
0x000007fef7630000 - 0x000007fef7755000 	C:\Windows\system32\dbghelp.dll

VM Arguments:
jvm_args: -Djava.awt.headless=true -Xmx1024M -Dfile.encoding=windows-1254 -Duser.country=US -Duser.language=en -Duser.variant 
java_command: com.android.dx.command.Main --dex --force-jumbo --num-threads=4 --output I:\mobile\BarcodeScanner4.7\app\build\intermediates\pre-dexed\debug\main_c245778987bf20283978b1dc35a7725b19413019.jar I:\mobile\BarcodeScanner4.7\app\build\intermediates\transforms\instantRun\debug\folders\1\5\main
java_class_path (initial): D:\f disk\prg\adt-bundle-windows-x86_64-20140702\sdk\build-tools\23.0.3\lib\dx.jar
Launcher Type: SUN_STANDARD

Environment Variables:
JAVA_HOME=C:\Program Files\Java\jdk1.8.0_92
PATH=C:\ProgramData\Oracle\Java\javapath;C:\oracle\product\11.2.0\client_1\bin;C:\Windows\system32;C:\Windows;C:\Windows\System32\Wbem;C:\Windows\System32\WindowsPowerShell\v1.0\;c:\Program Files (x86)\Microsoft SQL Server\90\Tools\binn\;C:\Program Files (x86)\Windows Kits\8.1\Windows Performance Toolkit\;C:\Program Files\Microsoft SQL Server\110\Tools\Binn\;C:\Program Files\nodejs\;C:\AppServ\Apache2.2\bin;C:\AppServ\php5;C:\AppServ\MySQL\bin;C:\Program Files\Java\jdk1.8.0_92\bin;C:\Users\mehmet_erenoglu\AppData\Roaming\npm;C:\adb;C:\Program Files\Common Files\Autodesk Shared\;C:\Program Files (x86)\Autodesk\Backburner\;%USERPROFILE%\.dnx\bin;C:\Program Files\Microsoft DNX\Dnvm\;C:\Program Files\Microsoft SQL Server\120\Tools\Binn\;C:\Program Files\Microsoft SQL Server\130\Tools\Binn\;C:\AppServ\Apache2.2\bin;C:\AppServ\php5;C:\AppServ\MySQL\bin;C:\Program Files\Java\jdk1.8.0_92\bin;C:\Users\mehmet_erenoglu\AppData\Roaming\npm
USERNAME=mehmet_erenoglu
OS=Windows_NT
PROCESSOR_IDENTIFIER=Intel64 Family 6 Model 60 Stepping 3, GenuineIntel



---------------  S Y S T E M  ---------------

OS: Windows 7 , 64 bit Build 7601 (6.1.7601.23572)

CPU:total 8 (4 cores per cpu, 2 threads per core) family 6 model 60 stepping 3, cmov, cx8, fxsr, mmx, sse, sse2, sse3, ssse3, sse4.1, sse4.2, popcnt, avx, avx2, aes, clmul, erms, rtm, lzcnt, ht, tsc, tscinvbit, bmi1, bmi2

Memory: 4k page, physical 33463816k(18165748k free), swap 66925772k(52149144k free)

vm_info: Java HotSpot(TM) 64-Bit Server VM (25.92-b14) for windows-amd64 JRE (1.8.0_92-b14), built on Mar 31 2016 21:03:04 by "java_re" with MS VC++ 10.0 (VS2010)

time: Wed Mar 01 12:10:38 2017
elapsed time: 1 seconds (0d 0h 0m 1s)

